<?xml version="1.0" encoding="UTF-8"?>
<testsuite name="TestStage4" tests="1" skipped="0" failures="0" errors="0" timestamp="2022-09-18T12:34:26" hostname="MacBook-Air-(IBM)" time="0.179">
  <properties/>
  <testcase name="start" classname="TestStage4" time="0.179"/>
  <system-out><![CDATA[?[1;31m
Start test 1?[0m
The username is Max.
?[1;31m
Start test 2?[0m
The file 'abc.txt' is tracked.
?[1;31m
Start test 3?[0m
These are SVCS commands:
config     Get and set a username.
add        Add a file to the index.
log        Show commit logs.
commit     Save changes.
checkout   Restore a file.
These are SVCS commands:
config     Get and set a username.
add        Add a file to the index.
log        Show commit logs.
commit     Save changes.
checkout   Restore a file.
?[1;31m
Start test 4?[0m
Please, tell me who you are.
The username is Max.
The username is Max.
The username is John.
The username is John.
?[1;31m
Start test 5?[0m
Add a file to the index.
The file 'file973.txt' is tracked.
Tracked files:
file973.txt

The file 'file554.txt' is tracked.
Tracked files:
file973.txt
file554.txt

Can't find 'file2.txt'.
?[1;31m
Start test 6?[0m
The username is Anna511.
The file 'first_file.txt' is tracked.
The file 'second_file.txt' is tracked.
Changes are committed.
?[1;31m
Start test 7?[0m
The username is Diane747.
The file 'first_file.txt' is tracked.
The file 'second_file.txt' is tracked.
No commits yet.
Message was not passed.
Changes are committed.
commit de0b29cc03b173dce90461c3f1ae73e98a10b5bca57fc4172cf63ef572c16e7c
Author: Diane747
Test message


Nothing to commit.
Changes are committed.
commit 6acf0d5b720ddc6e8f15c5e18fe48909a57a2ee026580bd1a17212479d5f58de
Author: Diane747
Test message3

commit de0b29cc03b173dce90461c3f1ae73e98a10b5bca57fc4172cf63ef572c16e7c
Author: Diane747
Test message


?[1;31m
Start test 8?[0m
The username is Diane563.
The file 'first_file.txt' is tracked.
The file 'second_file.txt' is tracked.
Changes are committed.
Changes are committed.
Commit id was not passed.
Commit does not exist.
commit b0eec800f173e217cb6e62fb4f32d43ee55c4285563367a47c5e010e96bdda4a
Author: Diane563
Second commit

commit 58c357f6fd32106a785fdc72200f46ef088761710cfcba907e5890bb05d0530e
Author: Diane563
First commit


Switched to commit 58c357f6fd32106a785fdc72200f46ef088761710cfcba907e5890bb05d0530e.
?[1;31m
Start test 9?[0m
'wrongArg222' is not a SVCS command.
]]></system-out>
  <system-err><![CDATA[]]></system-err>
</testsuite>
